

-------------------------------------------------------------------------------------------
2024-10-26 19:58:08
max salary:  52  for role:  Senior Software Engineer  in comapny:
https://www.glassdoor.co.in/Salary/bp-Salaries-E9011_IP1.htm
no salaries found for company:  https://www.glassdoor.co.in/Overview/Working-at-Mastercard-EI_IE3677.11,21.htm


-------------------------------------------------------------------------------------------
2024-10-26 20:13:34


-------------------------------------------------------------------------------------------
2024-10-26 20:13:53
no salaries found for company:  https://www.glassdoor.co.in/Overview/Working-at-Data-Dynamics-EI_IE1285182.11,24.htm
max salary:  52  for role:  Senior Software Engineer  in comapny:
https://www.glassdoor.co.in/Salary/bp-Salaries-E9011_IP1.htm
max salary:  49  for role:  Senior Software Engineer  in comapny:
https://www.glassdoor.co.in/Salary/Procore-Technologies-Salaries-E691343_IP1.htm
no salaries found for company:  https://www.glassdoor.co.in/Overview/Working-at-BMC-Software-EI_IE1160.11,23.htm
no salaries found for company:  https://www.glassdoor.co.in/Overview/Working-at-Tetra-Pak-EI_IE32048.11,20.htm
max salary:  44  for role:  Senior Software Engineer  in comapny:
https://www.glassdoor.co.in/Salary/MAERSK-Salaries-E38791_IP1.htm
max salary:  48  for role:  Senior Software Engineer  in comapny:
https://www.glassdoor.co.in/Salary/MSCI-Salaries-E14616_IP1.htm
max salary:  70  for role:  Senior Software Engineer  in comapny:
https://www.glassdoor.co.in/Salary/Microsoft-Salaries-E1651_IP1.htm
max salary:  60  for role:  Senior Software Engineer  in comapny:
https://www.glassdoor.co.in/Salary/Google-Salaries-E9079_IP1.htm
max salary:  46  for role:  Senior Software Engineer  in comapny:
https://www.glassdoor.co.in/Salary/ServiceNow-Salaries-E403326_IP1.htm
no salaries found for company:  https://www.glassdoor.co.in/Overview/Working-at-Salesforce-EI_IE11159.11,21.htm


-------------------------------------------------------------------------------------------
2024-10-27 09:37:29
max salary:  52  for role:  Senior Software Engineer  in comapny:
https://www.glassdoor.co.in/Salary/bp-Salaries-E9011_IP1.htm
max salary:  49  for role:  Senior Software Engineer  in comapny:
https://www.glassdoor.co.in/Salary/Procore-Technologies-Salaries-E691343_IP1.htm
max salary:  44  for role:  Senior Software Engineer  in comapny:
https://www.glassdoor.co.in/Salary/MAERSK-Salaries-E38791_IP1.htm
max salary:  48  for role:  Senior Software Engineer  in comapny:
https://www.glassdoor.co.in/Salary/MSCI-Salaries-E14616_IP1.htm
no salaries found for company:  https://www.glassdoor.co.in/Overview/Working-at-Mahindra-EI_IE38682.11,19.htm
no salaries found for company:  https://www.glassdoor.co.in/Overview/Working-at-bizzhype-HR-EI_IE5525404.11,22.htm
max salary:  70  for role:  Senior Software Engineer  in comapny:
https://www.glassdoor.co.in/Salary/Microsoft-Salaries-E1651_IP1.htm
max salary:  60  for role:  Senior Software Engineer  in comapny:
https://www.glassdoor.co.in/Salary/Google-Salaries-E9079_IP1.htm
max salary:  46  for role:  Senior Software Engineer  in comapny:
https://www.glassdoor.co.in/Salary/ServiceNow-Salaries-E403326_IP1.htm
max salary:  42  for role:  Senior Software Engineer  in comapny:
https://www.glassdoor.co.in/Salary/Salesforce-Salaries-E11159_IP2.htm
